<?xml version="1.0" encoding="UTF-8"?>
<testsuite name="EngineTest" tests="1" skipped="0" failures="0" errors="0" timestamp="2022-10-13T13:37:26" hostname="MacBook-Air-Anna.local" time="0.033">
  <properties/>
  <testcase name="solveTask()" classname="EngineTest" time="0.033"/>
  <system-out><![CDATA[]]></system-out>
  <system-err><![CDATA[]]></system-err>
</testsuite>
